<?xml version="1.0" encoding="UTF-8"?>
<!-- Generated by org.testng.reporters.JUnitReportReporter -->
<testsuite skipped="0" hostname="Vino-Sethu" name="com.xero.automation.DriverScriptsTest" tests="1" failures="0" timestamp="21 Oct 2018 05:29:16 GMT" time="230.581" errors="0">
  <testcase name="mainMethod" time="230.581" classname="com.xero.automation.DriverScriptsTest"/>
</testsuite> <!-- com.xero.automation.DriverScriptsTest -->
